<?xml version="1.0" encoding="UTF-8"?>
<testng-results skipped="0" failed="0" total="1" passed="1">
  <reporter-output>
  </reporter-output>
  <suite name="Command line suite" duration-ms="8" started-at="2021-03-29T13:36:09Z" finished-at="2021-03-29T13:36:09Z">
    <groups>
    </groups>
    <test name="Command line test" duration-ms="8" started-at="2021-03-29T13:36:09Z" finished-at="2021-03-29T13:36:09Z">
      <class name="qaclickacademy.MavenJava.AppTest">
        <test-method status="PASS" signature="testApp()[pri:0, instance:testApp(qaclickacademy.MavenJava.AppTest)]" name="testApp" duration-ms="1" started-at="2021-03-29T19:06:09Z" finished-at="2021-03-29T19:06:09Z">
          <reporter-output>
          </reporter-output>
        </test-method> <!-- testApp -->
      </class> <!-- qaclickacademy.MavenJava.AppTest -->
    </test> <!-- Command line test -->
  </suite> <!-- Command line suite -->
</testng-results>
