<?xml version="1.0" encoding="UTF-8"?>
<!-- Generated by org.testng.reporters.JUnitXMLReporter -->
<testsuite hostname="DESKTOP-AFANITS" name="Surefire test" tests="4" failures="0" timestamp="28 Mar 2021 19:09:20 GMT" time="0.034" errors="0">
  <testcase name="Deleteall" time="0.01" classname="qaclickacademy.MavenJava.ApppiumTest"/>
  <testcase name="postJIRA" time="0.0" classname="qaclickacademy.MavenJava.ApppiumTest"/>
  <testcase name="BrowserAutomation" time="0.0" classname="qaclickacademy.MavenJava.selaryTest"/>
  <testcase name="ElementUi" time="0.001" classname="qaclickacademy.MavenJava.selaryTest"/>
</testsuite> <!-- Surefire test -->
