<?xml version="1.0" encoding="UTF-8"?>
<testng-results skipped="0" failed="0" total="4" passed="4">
  <reporter-output>
  </reporter-output>
  <suite name="Command line suite" duration-ms="25" started-at="2021-03-29T13:36:09Z" finished-at="2021-03-29T13:36:09Z">
    <groups>
    </groups>
    <test name="Command line test" duration-ms="25" started-at="2021-03-29T13:36:09Z" finished-at="2021-03-29T13:36:09Z">
      <class name="qaclickacademy.MavenJava.ApppiumTest">
        <test-method status="PASS" signature="Deleteall()[pri:0, instance:qaclickacademy.MavenJava.ApppiumTest@5f2050f6]" name="Deleteall" duration-ms="6" started-at="2021-03-29T19:06:09Z" finished-at="2021-03-29T19:06:09Z">
          <reporter-output>
          </reporter-output>
        </test-method> <!-- Deleteall -->
        <test-method status="PASS" signature="postJIRA()[pri:0, instance:qaclickacademy.MavenJava.ApppiumTest@5f2050f6]" name="postJIRA" duration-ms="0" started-at="2021-03-29T19:06:09Z" finished-at="2021-03-29T19:06:09Z">
          <reporter-output>
          </reporter-output>
        </test-method> <!-- postJIRA -->
      </class> <!-- qaclickacademy.MavenJava.ApppiumTest -->
      <class name="qaclickacademy.MavenJava.selaryTest">
        <test-method status="PASS" signature="BrowserAutomation()[pri:0, instance:qaclickacademy.MavenJava.selaryTest@13fee20c]" name="BrowserAutomation" duration-ms="0" started-at="2021-03-29T19:06:09Z" finished-at="2021-03-29T19:06:09Z">
          <reporter-output>
          </reporter-output>
        </test-method> <!-- BrowserAutomation -->
        <test-method status="PASS" signature="ElementUi()[pri:0, instance:qaclickacademy.MavenJava.selaryTest@13fee20c]" name="ElementUi" duration-ms="0" started-at="2021-03-29T19:06:09Z" finished-at="2021-03-29T19:06:09Z">
          <reporter-output>
          </reporter-output>
        </test-method> <!-- ElementUi -->
      </class> <!-- qaclickacademy.MavenJava.selaryTest -->
    </test> <!-- Command line test -->
  </suite> <!-- Command line suite -->
</testng-results>
