<?xml version="1.0" encoding="UTF-8"?>
<!-- Generated by org.testng.reporters.JUnitXMLReporter -->
<testsuite hostname="DESKTOP-AFANITS" name="Command line test" tests="4" failures="0" timestamp="29 Mar 2021 13:36:09 GMT" time="0.025" errors="0">
  <testcase name="Deleteall" time="0.006" classname="qaclickacademy.MavenJava.ApppiumTest"/>
  <testcase name="postJIRA" time="0.0" classname="qaclickacademy.MavenJava.ApppiumTest"/>
  <testcase name="BrowserAutomation" time="0.0" classname="qaclickacademy.MavenJava.selaryTest"/>
  <testcase name="ElementUi" time="0.0" classname="qaclickacademy.MavenJava.selaryTest"/>
</testsuite> <!-- Command line test -->
