<?xml version="1.0" encoding="UTF-8"?>
<testng-results skipped="0" failed="0" total="2" passed="2">
  <reporter-output>
  </reporter-output>
  <suite name="Suite" duration-ms="19" started-at="2021-03-29T13:36:24Z" finished-at="2021-03-29T13:36:24Z">
    <groups>
    </groups>
    <test name="Test" duration-ms="19" started-at="2021-03-29T13:36:24Z" finished-at="2021-03-29T13:36:24Z">
      <class name="qaclickacademy.MavenJava.selaryTest">
        <test-method status="PASS" signature="BrowserAutomation()[pri:0, instance:qaclickacademy.MavenJava.selaryTest@143640d5]" name="BrowserAutomation" duration-ms="8" started-at="2021-03-29T19:06:24Z" finished-at="2021-03-29T19:06:24Z">
          <reporter-output>
          </reporter-output>
        </test-method> <!-- BrowserAutomation -->
        <test-method status="PASS" signature="ElementUi()[pri:0, instance:qaclickacademy.MavenJava.selaryTest@143640d5]" name="ElementUi" duration-ms="0" started-at="2021-03-29T19:06:24Z" finished-at="2021-03-29T19:06:24Z">
          <reporter-output>
          </reporter-output>
        </test-method> <!-- ElementUi -->
      </class> <!-- qaclickacademy.MavenJava.selaryTest -->
    </test> <!-- Test -->
  </suite> <!-- Suite -->
</testng-results>
