<?xml version="1.0" encoding="UTF-8"?>
<testng-results skipped="0" failed="0" ignored="0" total="2" passed="2">
  <reporter-output>
  </reporter-output>
  <suite name="Default suite" duration-ms="66" started-at="2021-03-29T18:54:17 IST" finished-at="2021-03-29T18:54:17 IST">
    <groups>
    </groups>
    <test name="Default test" duration-ms="66" started-at="2021-03-29T18:54:17 IST" finished-at="2021-03-29T18:54:17 IST">
      <class name="qaclickacademy.MavenJava.ApppiumTest">
        <test-method status="PASS" signature="Deleteall()[pri:0, instance:qaclickacademy.MavenJava.ApppiumTest@5f282abb]" name="Deleteall" duration-ms="9" started-at="2021-03-29T18:54:17 IST" finished-at="2021-03-29T18:54:17 IST">
          <reporter-output>
          </reporter-output>
        </test-method> <!-- Deleteall -->
        <test-method status="PASS" signature="postJIRA()[pri:0, instance:qaclickacademy.MavenJava.ApppiumTest@5f282abb]" name="postJIRA" duration-ms="1" started-at="2021-03-29T18:54:17 IST" finished-at="2021-03-29T18:54:17 IST">
          <reporter-output>
          </reporter-output>
        </test-method> <!-- postJIRA -->
      </class> <!-- qaclickacademy.MavenJava.ApppiumTest -->
    </test> <!-- Default test -->
  </suite> <!-- Default suite -->
</testng-results>
